2026-02-03 22:26:29,573 - INFO - ✓ Alte Datenbank verbunden.
2026-02-03 22:26:29,574 - INFO - ✓ Neue Datenbank verbunden.
2026-02-03 22:26:29,574 - INFO - Loading existing data from new database...
2026-02-03 22:26:29,576 - INFO - ✓ Korrektur-Map geladen (91 Einträge).
2026-02-03 22:26:29,576 - INFO - Created komponist: New; Name
2026-02-03 22:26:29,577 - INFO - ✓ Alte Datenbank verbunden.
2026-02-03 22:26:29,578 - INFO - ✓ Neue Datenbank verbunden.
2026-02-03 22:26:29,578 - INFO - Loading existing data from new database...
2026-02-03 22:26:29,579 - INFO - ✓ Korrektur-Map geladen (91 Einträge).
2026-02-03 22:26:29,580 - INFO - ➕ Added to Map: 'Zimmer' -> 'Hans; Zimmer'
2026-02-03 22:26:29,581 - INFO - Created komponist: Hans Zimmer
2026-02-03 22:26:29,582 - INFO - ✓ Alte Datenbank verbunden.
2026-02-03 22:26:29,582 - INFO - ✓ Neue Datenbank verbunden.
2026-02-03 22:26:29,582 - INFO - Loading existing data from new database...
2026-02-03 22:26:29,583 - INFO - ✓ Korrektur-Map geladen (91 Einträge).
2026-02-03 22:26:29,584 - INFO - Skipping 'Hans' (incomplete name)
2026-02-03 22:26:29,584 - ERROR - ❌ Error: Invalid input 'Hans' (Original: 'Hans') skipped.
2026-02-03 22:26:29,585 - INFO - ✓ Alte Datenbank verbunden.
2026-02-03 22:26:29,585 - INFO - ✓ Neue Datenbank verbunden.
2026-02-03 22:26:29,585 - INFO - Loading existing data from new database...
2026-02-03 22:26:29,587 - INFO - ✓ Korrektur-Map geladen (91 Einträge).
2026-02-03 22:26:29,587 - INFO - ➕ Added to Map: 'Bach' -> 'Johann Sebastian; Bach'
2026-02-03 22:26:29,588 - INFO - ✓ Alte Datenbank verbunden.
2026-02-03 22:26:29,588 - INFO - ✓ Neue Datenbank verbunden.
2026-02-03 22:26:29,588 - INFO - Loading existing data from new database...
2026-02-03 22:26:29,591 - INFO - ✓ Korrektur-Map geladen (91 Einträge).
2026-02-03 22:26:29,591 - INFO - Auto-accepting valid person: 'Hans Zimmer'
2026-02-03 22:26:29,591 - INFO - ➕ Added to Map: 'Hans Zimmer' -> 'Hans; Zimmer'
2026-02-03 22:26:29,592 - INFO - Created komponist: Hans Zimmer
